# JRE version: OpenJDK Runtime Environment (11.0.5+10) (build 11.0.5+10-b520.17)
# Java VM: OpenJDK 64-Bit Server VM (11.0.5+10-b520.17, mixed mode, tiered, compressed oops, concurrent mark sweep gc, linux-amd64)
Heap:
 par new generation   total 153344K, used 74213K [0x00000000d1200000, 0x00000000db860000, 0x00000000db860000)
  eden space 136320K,  51% used [0x00000000d1200000, 0x00000000d57374e8, 0x00000000d9720000)
  from space 17024K,  19% used [0x00000000d9720000, 0x00000000d9a61f30, 0x00000000da7c0000)
  to   space 17024K,   0% used [0x00000000da7c0000, 0x00000000da7c0000, 0x00000000db860000)
 concurrent mark-sweep generation total 597632K, used 161116K [0x00000000db860000, 0x0000000100000000, 0x0000000100000000)
 Metaspace       used 227894K, capacity 235271K, committed 235480K, reserved 1257472K
  class space    used 26071K, capacity 28943K, committed 29024K, reserved 1048576K
GC Heap History (20 events):
Event: 654052.578 GC heap before
{Heap before GC invocations=7259 (full 23):
 par new generation   total 153344K, used 136557K [0x00000000d1200000, 0x00000000db860000, 0x00000000db860000)
  eden space 136320K, 100% used [0x00000000d1200000, 0x00000000d9720000, 0x00000000d9720000)
  from space 17024K,   1% used [0x00000000d9720000, 0x00000000d975b640, 0x00000000da7c0000)
  to   space 17024K,   0% used [0x00000000da7c0000, 0x00000000da7c0000, 0x00000000db860000)
 concurrent mark-sweep generation total 597632K, used 160714K [0x00000000db860000, 0x0000000100000000, 0x0000000100000000)
 Metaspace       used 227808K, capacity 235173K, committed 235480K, reserved 1257472K
  class space    used 26058K, capacity 28933K, committed 29024K, reserved 1048576K
}
Event: 654052.582 GC heap after
{Heap after GC invocations=7260 (full 23):
 par new generation   total 153344K, used 152K [0x00000000d1200000, 0x00000000db860000, 0x00000000db860000)
  eden space 136320K,   0% used [0x00000000d1200000, 0x00000000d1200000, 0x00000000d9720000)
  from space 17024K,   0% used [0x00000000da7c0000, 0x00000000da7e6220, 0x00000000db860000)
  to   space 17024K,   0% used [0x00000000d9720000, 0x00000000d9720000, 0x00000000da7c0000)
 concurrent mark-sweep generation total 597632K, used 160714K [0x00000000db860000, 0x0000000100000000, 0x0000000100000000)
 Metaspace       used 227808K, capacity 235173K, committed 235480K, reserved 1257472K
  class space    used 26058K, capacity 28933K, committed 29024K, reserved 1048576K
}
Event: 654914.105 GC heap before
{Heap before GC invocations=7260 (full 23):
 par new generation   total 153344K, used 136472K [0x00000000d1200000, 0x00000000db860000, 0x00000000db860000)
  eden space 136320K, 100% used [0x00000000d1200000, 0x00000000d9720000, 0x00000000d9720000)
  from space 17024K,   0% used [0x00000000da7c0000, 0x00000000da7e6220, 0x00000000db860000)
  to   space 17024K,   0% used [0x00000000d9720000, 0x00000000d9720000, 0x00000000da7c0000)
 concurrent mark-sweep generation total 597632K, used 160714K [0x00000000db860000, 0x0000000100000000, 0x0000000100000000)
 Metaspace       used 227822K, capacity 235185K, committed 235480K, reserved 1257472K
  class space    used 26060K, capacity 28936K, committed 29024K, reserved 1048576K
}
Event: 654914.114 GC heap after
{Heap after GC invocations=7261 (full 23):
 par new generation   total 153344K, used 807K [0x00000000d1200000, 0x00000000db860000, 0x00000000db860000)
  eden space 136320K,   0% used [0x00000000d1200000, 0x00000000d1200000, 0x00000000d9720000)
  from space 17024K,   4% used [0x00000000d9720000, 0x00000000d97e9f70, 0x00000000da7c0000)
  to   space 17024K,   0% used [0x00000000da7c0000, 0x00000000da7c0000, 0x00000000db860000)
 concurrent mark-sweep generation total 597632K, used 160728K [0x00000000db860000, 0x0000000100000000, 0x0000000100000000)
 Metaspace       used 227822K, capacity 235185K, committed 235480K, reserved 1257472K
  class space    used 26060K, capacity 28936K, committed 29024K, reserved 1048576K
}
Event: 656966.317 GC heap before
{Heap before GC invocations=7261 (full 23):
 par new generation   total 153344K, used 137127K [0x00000000d1200000, 0x00000000db860000, 0x00000000db860000)
  eden space 136320K, 100% used [0x00000000d1200000, 0x00000000d9720000, 0x00000000d9720000)
  from space 17024K,   4% used [0x00000000d9720000, 0x00000000d97e9f70, 0x00000000da7c0000)
  to   space 17024K,   0% used [0x00000000da7c0000, 0x00000000da7c0000, 0x00000000db860000)
 concurrent mark-sweep generation total 597632K, used 160728K [0x00000000db860000, 0x0000000100000000, 0x0000000100000000)
 Metaspace       used 227825K, capacity 235185K, committed 235480K, reserved 1257472K
  class space    used 26060K, capacity 28936K, committed 29024K, reserved 1048576K
}
Event: 656966.340 GC heap after
{Heap after GC invocations=7262 (full 23):
 par new generation   total 153344K, used 778K [0x00000000d1200000, 0x00000000db860000, 0x00000000db860000)
  eden space 136320K,   0% used [0x00000000d1200000, 0x00000000d1200000, 0x00000000d9720000)
  from space 17024K,   4% used [0x00000000da7c0000, 0x00000000da882938, 0x00000000db860000)
  to   space 17024K,   0% used [0x00000000d9720000, 0x00000000d9720000, 0x00000000da7c0000)
 concurrent mark-sweep generation total 597632K, used 160728K [0x00000000db860000, 0x0000000100000000, 0x0000000100000000)
 Metaspace       used 227825K, capacity 235185K, committed 235480K, reserved 1257472K
  class space    used 26060K, capacity 28936K, committed 29024K, reserved 1048576K
}
Event: 660457.543 GC heap before
{Heap before GC invocations=7262 (full 23):
 par new generation   total 153344K, used 137098K [0x00000000d1200000, 0x00000000db860000, 0x00000000db860000)
  eden space 136320K, 100% used [0x00000000d1200000, 0x00000000d9720000, 0x00000000d9720000)
  from space 17024K,   4% used [0x00000000da7c0000, 0x00000000da882938, 0x00000000db860000)
  to   space 17024K,   0% used [0x00000000d9720000, 0x00000000d9720000, 0x00000000da7c0000)
 concurrent mark-sweep generation total 597632K, used 160728K [0x00000000db860000, 0x0000000100000000, 0x0000000100000000)
 Metaspace       used 227825K, capacity 235185K, committed 235480K, reserved 1257472K
  class space    used 26060K, capacity 28936K, committed 29024K, reserved 1048576K
}
Event: 660457.557 GC heap after
{Heap after GC invocations=7263 (full 23):
 par new generation   total 153344K, used 440K [0x00000000d1200000, 0x00000000db860000, 0x00000000db860000)
  eden space 136320K,   0% used [0x00000000d1200000, 0x00000000d1200000, 0x00000000d9720000)
  from space 17024K,   2% used [0x00000000d9720000, 0x00000000d978e0e0, 0x00000000da7c0000)
  to   space 17024K,   0% used [0x00000000da7c0000, 0x00000000da7c0000, 0x00000000db860000)
 concurrent mark-sweep generation total 597632K, used 160734K [0x00000000db860000, 0x0000000100000000, 0x0000000100000000)
 Metaspace       used 227825K, capacity 235185K, committed 235480K, reserved 1257472K
  class space    used 26060K, capacity 28936K, committed 29024K, reserved 1048576K
}
Event: 663963.232 GC heap before
{Heap before GC invocations=7263 (full 23):
 par new generation   total 153344K, used 136760K [0x00000000d1200000, 0x00000000db860000, 0x00000000db860000)
  eden space 136320K, 100% used [0x00000000d1200000, 0x00000000d9720000, 0x00000000d9720000)
  from space 17024K,   2% used [0x00000000d9720000, 0x00000000d978e0e0, 0x00000000da7c0000)
  to   space 17024K,   0% used [0x00000000da7c0000, 0x00000000da7c0000, 0x00000000db860000)
 concurrent mark-sweep generation total 597632K, used 160734K [0x00000000db860000, 0x0000000100000000, 0x0000000100000000)
 Metaspace       used 227825K, capacity 235185K, committed 235480K, reserved 1257472K
  class space    used 26060K, capacity 28936K, committed 29024K, reserved 1048576K
}
Event: 663963.239 GC heap after
{Heap after GC invocations=7264 (full 23):
 par new generation   total 153344K, used 494K [0x00000000d1200000, 0x00000000db860000, 0x00000000db860000)
  eden space 136320K,   0% used [0x00000000d1200000, 0x00000000d1200000, 0x00000000d9720000)
  from space 17024K,   2% used [0x00000000da7c0000, 0x00000000da83b840, 0x00000000db860000)
  to   space 17024K,   0% used [0x00000000d9720000, 0x00000000d9720000, 0x00000000da7c0000)
 concurrent mark-sweep generation total 597632K, used 160799K [0x00000000db860000, 0x0000000100000000, 0x0000000100000000)
 Metaspace       used 227825K, capacity 235185K, committed 235480K, reserved 1257472K
  class space    used 26060K, capacity 28936K, committed 29024K, reserved 1048576K
}
Event: 667421.035 GC heap before
{Heap before GC invocations=7264 (full 23):
 par new generation   total 153344K, used 136814K [0x00000000d1200000, 0x00000000db860000, 0x00000000db860000)
  eden space 136320K, 100% used [0x00000000d1200000, 0x00000000d9720000, 0x00000000d9720000)
  from space 17024K,   2% used [0x00000000da7c0000, 0x00000000da83b840, 0x00000000db860000)
  to   space 17024K,   0% used [0x00000000d9720000, 0x00000000d9720000, 0x00000000da7c0000)
 concurrent mark-sweep generation total 597632K, used 160799K [0x00000000db860000, 0x0000000100000000, 0x0000000100000000)
 Metaspace       used 227825K, capacity 235185K, committed 235480K, reserved 1257472K
  class space    used 26060K, capacity 28936K, committed 29024K, reserved 1048576K
}
Event: 667421.045 GC heap after
{Heap after GC invocations=7265 (full 23):
 par new generation   total 153344K, used 495K [0x00000000d1200000, 0x00000000db860000, 0x00000000db860000)
  eden space 136320K,   0% used [0x00000000d1200000, 0x00000000d1200000, 0x00000000d9720000)
  from space 17024K,   2% used [0x00000000d9720000, 0x00000000d979bd68, 0x00000000da7c0000)
  to   space 17024K,   0% used [0x00000000da7c0000, 0x00000000da7c0000, 0x00000000db860000)
 concurrent mark-sweep generation total 597632K, used 160801K [0x00000000db860000, 0x0000000100000000, 0x0000000100000000)
 Metaspace       used 227825K, capacity 235185K, committed 235480K, reserved 1257472K
  class space    used 26060K, capacity 28936K, committed 29024K, reserved 1048576K
}
Event: 670893.190 GC heap before
{Heap before GC invocations=7265 (full 23):
 par new generation   total 153344K, used 136815K [0x00000000d1200000, 0x00000000db860000, 0x00000000db860000)
  eden space 136320K, 100% used [0x00000000d1200000, 0x00000000d9720000, 0x00000000d9720000)
  from space 17024K,   2% used [0x00000000d9720000, 0x00000000d979bd68, 0x00000000da7c0000)
  to   space 17024K,   0% used [0x00000000da7c0000, 0x00000000da7c0000, 0x00000000db860000)
 concurrent mark-sweep generation total 597632K, used 160801K [0x00000000db860000, 0x0000000100000000, 0x0000000100000000)
 Metaspace       used 227825K, capacity 235185K, committed 235480K, reserved 1257472K
  class space    used 26060K, capacity 28936K, committed 29024K, reserved 1048576K
}
Event: 670893.194 GC heap after
{Heap after GC invocations=7266 (full 23):
 par new generation   total 153344K, used 379K [0x00000000d1200000, 0x00000000db860000, 0x00000000db860000)
  eden space 136320K,   0% used [0x00000000d1200000, 0x00000000d1200000, 0x00000000d9720000)
  from space 17024K,   2% used [0x00000000da7c0000, 0x00000000da81edb8, 0x00000000db860000)
  to   space 17024K,   0% used [0x00000000d9720000, 0x00000000d9720000, 0x00000000da7c0000)
 concurrent mark-sweep generation total 597632K, used 160802K [0x00000000db860000, 0x0000000100000000, 0x0000000100000000)
 Metaspace       used 227825K, capacity 235185K, committed 235480K, reserved 1257472K
  class space    used 26060K, capacity 28936K, committed 29024K, reserved 1048576K
}
Event: 674357.678 GC heap before
{Heap before GC invocations=7266 (full 23):
 par new generation   total 153344K, used 136699K [0x00000000d1200000, 0x00000000db860000, 0x00000000db860000)
  eden space 136320K, 100% used [0x00000000d1200000, 0x00000000d9720000, 0x00000000d9720000)
  from space 17024K,   2% used [0x00000000da7c0000, 0x00000000da81edb8, 0x00000000db860000)
  to   space 17024K,   0% used [0x00000000d9720000, 0x00000000d9720000, 0x00000000da7c0000)
 concurrent mark-sweep generation total 597632K, used 160802K [0x00000000db860000, 0x0000000100000000, 0x0000000100000000)
 Metaspace       used 227825K, capacity 235185K, committed 235480K, reserved 1257472K
  class space    used 26060K, capacity 28936K, committed 29024K, reserved 1048576K
}
Event: 674357.689 GC heap after
{Heap after GC invocations=7267 (full 23):
 par new generation   total 153344K, used 307K [0x00000000d1200000, 0x00000000db860000, 0x00000000db860000)
  eden space 136320K,   0% used [0x00000000d1200000, 0x00000000d1200000, 0x00000000d9720000)
  from space 17024K,   1% used [0x00000000d9720000, 0x00000000d976cda0, 0x00000000da7c0000)
  to   space 17024K,   0% used [0x00000000da7c0000, 0x00000000da7c0000, 0x00000000db860000)
 concurrent mark-sweep generation total 597632K, used 160995K [0x00000000db860000, 0x0000000100000000, 0x0000000100000000)
 Metaspace       used 227825K, capacity 235185K, committed 235480K, reserved 1257472K
  class space    used 26060K, capacity 28936K, committed 29024K, reserved 1048576K
}
Event: 677837.745 GC heap before
{Heap before GC invocations=7267 (full 23):
 par new generation   total 153344K, used 136627K [0x00000000d1200000, 0x00000000db860000, 0x00000000db860000)
  eden space 136320K, 100% used [0x00000000d1200000, 0x00000000d9720000, 0x00000000d9720000)
  from space 17024K,   1% used [0x00000000d9720000, 0x00000000d976cda0, 0x00000000da7c0000)
  to   space 17024K,   0% used [0x00000000da7c0000, 0x00000000da7c0000, 0x00000000db860000)
 concurrent mark-sweep generation total 597632K, used 160995K [0x00000000db860000, 0x0000000100000000, 0x0000000100000000)
 Metaspace       used 227825K, capacity 235185K, committed 235480K, reserved 1257472K
  class space    used 26060K, capacity 28936K, committed 29024K, reserved 1048576K
}
Event: 677837.750 GC heap after
{Heap after GC invocations=7268 (full 23):
 par new generation   total 153344K, used 134K [0x00000000d1200000, 0x00000000db860000, 0x00000000db860000)
  eden space 136320K,   0% used [0x00000000d1200000, 0x00000000d1200000, 0x00000000d9720000)
  from space 17024K,   0% used [0x00000000da7c0000, 0x00000000da7e18b0, 0x00000000db860000)
  to   space 17024K,   0% used [0x00000000d9720000, 0x00000000d9720000, 0x00000000da7c0000)
 concurrent mark-sweep generation total 597632K, used 161111K [0x00000000db860000, 0x0000000100000000, 0x0000000100000000)
 Metaspace       used 227825K, capacity 235185K, committed 235480K, reserved 1257472K
  class space    used 26060K, capacity 28936K, committed 29024K, reserved 1048576K
}
Event: 681132.860 GC heap before
{Heap before GC invocations=7268 (full 23):
 par new generation   total 153344K, used 136454K [0x00000000d1200000, 0x00000000db860000, 0x00000000db860000)
  eden space 136320K, 100% used [0x00000000d1200000, 0x00000000d9720000, 0x00000000d9720000)
  from space 17024K,   0% used [0x00000000da7c0000, 0x00000000da7e18b0, 0x00000000db860000)
  to   space 17024K,   0% used [0x00000000d9720000, 0x00000000d9720000, 0x00000000da7c0000)
 concurrent mark-sweep generation total 597632K, used 161111K [0x00000000db860000, 0x0000000100000000, 0x0000000100000000)
 Metaspace       used 227825K, capacity 235185K, committed 235480K, reserved 1257472K
  class space    used 26060K, capacity 28936K, committed 29024K, reserved 1048576K
}
Event: 681132.871 GC heap after
{Heap after GC invocations=7269 (full 23):
 par new generation   total 153344K, used 3335K [0x00000000d1200000, 0x00000000db860000, 0x00000000db860000)
  eden space 136320K,   0% used [0x00000000d1200000, 0x00000000d1200000, 0x00000000d9720000)
  from space 17024K,  19% used [0x00000000d9720000, 0x00000000d9a61f30, 0x00000000da7c0000)
  to   space 17024K,   0% used [0x00000000da7c0000, 0x00000000da7c0000, 0x00000000db860000)
 concurrent mark-sweep generation total 597632K, used 161116K [0x00000000db860000, 0x0000000100000000, 0x0000000100000000)
 Metaspace       used 227825K, capacity 235185K, committed 235480K, reserved 1257472K
  class space    used 26060K, capacity 28936K, committed 29024K, reserved 1048576K
}

